<?xml version="1.0" encoding="UTF-8"?>
<!-- Generated by org.testng.reporters.JUnitReportReporter -->
<testsuite skipped="0" hostname="Admins-iMac.fios-router.home" name="way2automation.w2atest.test.AlertsTest" tests="1" failures="0" timestamp="12 Sep 2017 13:02:12 GMT" time="17.363" errors="0">
  <testcase name="alertTest" time="17.363" classname="way2automation.w2atest.test.AlertsTest"/>
</testsuite> <!-- way2automation.w2atest.test.AlertsTest -->
