<?xml version="1.0" encoding="UTF-8"?>
<!-- Generated by org.testng.reporters.JUnitReportReporter -->
<testsuite skipped="0" hostname="Admins-iMac.fios-router.home" name="way2automation.w2atest.test.FrameWindowTest" tests="4" failures="0" timestamp="13 Sep 2017 12:37:16 GMT" time="35.690" errors="0">
  <testcase name="framesTest2" time="8.384" classname="way2automation.w2atest.test.FrameWindowTest"/>
  <testcase name="framesTest3" time="8.759" classname="way2automation.w2atest.test.FrameWindowTest"/>
  <testcase name="framesTest4" time="10.482" classname="way2automation.w2atest.test.FrameWindowTest"/>
  <testcase name="framesTest1" time="8.065" classname="way2automation.w2atest.test.FrameWindowTest"/>
</testsuite> <!-- way2automation.w2atest.test.FrameWindowTest -->
