<?xml version="1.0" encoding="UTF-8"?>
<!-- Generated by org.testng.reporters.JUnitReportReporter -->
<testsuite hostname="Admins-iMac.fios-router.home" name="way2automation.w2atest.test.AlertsTest" tests="1" failures="0" timestamp="7 Sep 2017 08:28:36 GMT" time="8.310" errors="0">
  <testcase name="f" time="8.310" classname="way2automation.w2atest.test.AlertsTest"/>
</testsuite> <!-- way2automation.w2atest.test.AlertsTest -->
