<?xml version="1.0" encoding="UTF-8"?>
<!-- Generated by org.testng.reporters.JUnitReportReporter -->
<testsuite skipped="0" hostname="Admins-iMac.fios-router.home" name="way2automation.w2atest.test.DropdownsTest" tests="3" failures="0" timestamp="11 Sep 2017 15:17:19 GMT" time="28.698" errors="0">
  <testcase name="selectTest" time="9.441" classname="way2automation.w2atest.test.DropdownsTest"/>
  <testcase name="dynamicSelectTest2" time="11.219" classname="way2automation.w2atest.test.DropdownsTest"/>
  <testcase name="dynamicSelectTest1" time="8.038" classname="way2automation.w2atest.test.DropdownsTest"/>
</testsuite> <!-- way2automation.w2atest.test.DropdownsTest -->
