<?xml version="1.0" encoding="UTF-8"?>
<!-- Generated by org.testng.reporters.JUnitReportReporter -->
<testsuite skipped="0" hostname="Admins-iMac.fios-router.home" name="way2automation.w2atest.test.AccordionTest" tests="1" failures="0" timestamp="18 Sep 2017 14:10:59 GMT" time="89.266" errors="0">
  <testcase name="accordionTest2" time="89.266" classname="way2automation.w2atest.test.AccordionTest"/>
</testsuite> <!-- way2automation.w2atest.test.AccordionTest -->
