<?xml version="1.0" encoding="UTF-8"?>
<!-- Generated by org.testng.reporters.JUnitReportReporter -->
<testsuite skipped="0" hostname="Admins-iMac.fios-router.home" name="way2automation.w2atest.test.draggableTest" tests="1" failures="0" timestamp="12 Sep 2017 18:47:17 GMT" time="13.184" errors="0">
  <testcase name="draggableTest1" time="13.184" classname="way2automation.w2atest.test.draggableTest"/>
</testsuite> <!-- way2automation.w2atest.test.draggableTest -->
