<?xml version="1.0" encoding="UTF-8"?>
<!-- Generated by org.testng.reporters.JUnitReportReporter -->
<testsuite skipped="0" hostname="Admins-iMac.fios-router.home" name="way2automation.w2atest.test.ToolTipsTest" tests="2" failures="0" timestamp="11 Sep 2017 15:38:01 GMT" time="28.858" errors="0">
  <testcase name="TTTest1" time="14.283" classname="way2automation.w2atest.test.ToolTipsTest"/>
  <testcase name="TTTest3" time="14.575" classname="way2automation.w2atest.test.ToolTipsTest"/>
</testsuite> <!-- way2automation.w2atest.test.ToolTipsTest -->
