<?xml version="1.0" encoding="UTF-8"?>
<!-- Generated by org.testng.reporters.JUnitReportReporter -->
<testsuite hostname="Admins-iMac.fios-router.home" name="way2automation.w2atest.test.RegisterAsUser" tests="1" failures="0" timestamp="6 Sep 2017 17:55:22 GMT" time="9.839" errors="0">
  <testcase name="registerUser" time="9.839" classname="way2automation.w2atest.test.RegisterAsUser"/>
</testsuite> <!-- way2automation.w2atest.test.RegisterAsUser -->
