<?xml version="1.0" encoding="UTF-8"?>
<!-- Generated by org.testng.reporters.JUnitReportReporter -->
<testsuite skipped="0" hostname="Admins-iMac.fios-router.home" name="way2automation.w2atest.test.LoginTest" tests="1" failures="0" timestamp="19 Sep 2017 16:05:47 GMT" time="29.597" errors="0">
  <testcase name="tryLogin" time="29.597" classname="way2automation.w2atest.test.LoginTest"/>
</testsuite> <!-- way2automation.w2atest.test.LoginTest -->
