<?xml version="1.0" encoding="UTF-8"?>
<!-- Generated by org.testng.reporters.JUnitReportReporter -->
<testsuite skipped="0" hostname="Admins-iMac.fios-router.home" name="way2automation.w2atest.test.RegisterAsUser" tests="1" failures="0" timestamp="12 Sep 2017 13:01:22 GMT" time="12.403" errors="0">
  <testcase name="registerUser" time="12.403" classname="way2automation.w2atest.test.RegisterAsUser"/>
</testsuite> <!-- way2automation.w2atest.test.RegisterAsUser -->
