<?xml version="1.0" encoding="UTF-8"?>
<!-- Generated by org.testng.reporters.JUnitReportReporter -->
<testsuite skipped="0" hostname="Admins-iMac.fios-router.home" name="way2automation.w2atest.test.LoginAsValidUser" tests="1" failures="0" timestamp="11 Sep 2017 13:19:26 GMT" time="3.980" errors="0">
  <testcase name="login" time="3.980" classname="way2automation.w2atest.test.LoginAsValidUser"/>
</testsuite> <!-- way2automation.w2atest.test.LoginAsValidUser -->
