<?xml version="1.0" encoding="UTF-8"?>
<!-- Generated by org.testng.reporters.JUnitReportReporter -->
<testsuite skipped="0" hostname="Admins-iMac.fios-router.home" name="way2automation.w2atest.test.RegisterAsUser" tests="1" failures="0" timestamp="11 Sep 2017 13:22:35 GMT" time="8.804" errors="0">
  <testcase name="registerUser" time="8.804" classname="way2automation.w2atest.test.RegisterAsUser"/>
</testsuite> <!-- way2automation.w2atest.test.RegisterAsUser -->
