<?xml version="1.0" encoding="UTF-8"?>
<!-- Generated by org.testng.reporters.JUnitReportReporter -->
<testsuite hostname="Admins-iMac.fios-router.home" name="way2automation.w2atest.test.LoginAsValidUser" tests="1" failures="0" timestamp="6 Sep 2017 17:55:22 GMT" time="4.266" errors="0">
  <testcase name="login" time="4.266" classname="way2automation.w2atest.test.LoginAsValidUser"/>
</testsuite> <!-- way2automation.w2atest.test.LoginAsValidUser -->
