<?xml version="1.0" encoding="UTF-8"?>
<!-- Generated by org.testng.reporters.JUnitReportReporter -->
<testsuite hostname="Admins-iMac.fios-router.home" name="way2automation.w2atest.test.RegisterAsUser" tests="1" failures="0" timestamp="7 Sep 2017 08:28:36 GMT" time="9.879" errors="0">
  <testcase name="registerUser" time="9.879" classname="way2automation.w2atest.test.RegisterAsUser"/>
</testsuite> <!-- way2automation.w2atest.test.RegisterAsUser -->
