<?xml version="1.0" encoding="UTF-8"?>
<!-- Generated by org.testng.reporters.JUnitReportReporter -->
<testsuite hostname="Admins-iMac.fios-router.home" name="way2automation.w2atest.test.AlertsTest" tests="1" failures="0" timestamp="6 Sep 2017 17:55:22 GMT" time="8.508" errors="0">
  <testcase name="f" time="8.508" classname="way2automation.w2atest.test.AlertsTest"/>
</testsuite> <!-- way2automation.w2atest.test.AlertsTest -->
