<?xml version="1.0" encoding="UTF-8"?>
<!-- Generated by org.testng.reporters.JUnitReportReporter -->
<testsuite skipped="0" hostname="Admins-iMac.fios-router.home" name="way2automation.w2atest.test.AlertsTest" tests="1" failures="0" timestamp="11 Sep 2017 13:17:43 GMT" time="7.958" errors="0">
  <testcase name="alertTest" time="7.958" classname="way2automation.w2atest.test.AlertsTest"/>
</testsuite> <!-- way2automation.w2atest.test.AlertsTest -->
