<?xml version="1.0" encoding="UTF-8"?>
<!-- Generated by org.testng.reporters.JUnitReportReporter -->
<testsuite hostname="Admins-iMac.fios-router.home" name="way2automation.w2atest.test.DynamicButtons" tests="1" failures="0" timestamp="7 Sep 2017 09:55:16 GMT" time="12.721" errors="0">
  <testcase name="f" time="12.721" classname="way2automation.w2atest.test.DynamicButtons"/>
</testsuite> <!-- way2automation.w2atest.test.DynamicButtons -->
