<?xml version="1.0" encoding="UTF-8"?>
<!-- Generated by org.testng.reporters.JUnitReportReporter -->
<testsuite skipped="0" hostname="Admins-iMac.fios-router.home" name="way2automation.w2atest.test.DynamicButtons" tests="1" failures="0" timestamp="11 Sep 2017 13:24:50 GMT" time="7.242" errors="0">
  <testcase name="f" time="7.242" classname="way2automation.w2atest.test.DynamicButtons"/>
</testsuite> <!-- way2automation.w2atest.test.DynamicButtons -->
